<component name="libraryTable">
  <library name="junit-jupiter-5.11.2-javadoc">
    <CLASSES>
      <root url="jar://$PROJECT_DIR$/../junit-jupiter-5.11.2-javadoc.jar!/" />
    </CLASSES>
    <JAVADOC />
    <SOURCES />
    <jarDirectory url="jar://$PROJECT_DIR$/../junit-jupiter-5.11.2-javadoc.jar!/" recursive="false" />
  </library>
</component>